# JRE version: OpenJDK Runtime Environment Temurin-17.0.10+7 (17.0.10+7) (build 17.0.10+7)
# Java VM: OpenJDK 64-Bit Server VM Temurin-17.0.10+7 (17.0.10+7, mixed mode, tiered, compressed oops, compressed class ptrs, parallel gc, windows-amd64)
GC Precious Log:
 CPUs: 32 total, 32 available
 Memory: 64729M
 Large Page Support: Disabled
 NUMA Support: Disabled
 Compressed Oops: Enabled (32-bit)
 Alignments: Space 512K, Generation 512K, Heap 2M
 Heap Min Capacity: 100M
 Heap Initial Capacity: 100M
 Heap Max Capacity: 1G
 Pre-touch: Disabled
 Parallel Workers: 23
Heap:
 PSYoungGen      total 6656K, used 6430K [0x00000000eab00000, 0x00000000eb400000, 0x0000000100000000)
  eden space 4608K, 99% used [0x00000000eab00000,0x00000000eaf7ffd8,0x00000000eaf80000)
  from space 2048K, 88% used [0x00000000eb200000,0x00000000eb3c7890,0x00000000eb400000)
  to   space 2048K, 0% used [0x00000000eb000000,0x00000000eb000000,0x00000000eb200000)
 ParOldGen       total 115712K, used 103915K [0x00000000c0000000, 0x00000000c7100000, 0x00000000eab00000)
  object space 115712K, 89% used [0x00000000c0000000,0x00000000c657ad98,0x00000000c7100000)
 Metaspace       used 76866K, committed 78080K, reserved 1179648K
  class space    used 7950K, committed 8512K, reserved 1048576K
GC Heap History (20 events):
Event: 1242.200 GC heap before
{Heap before GC invocations=222 (full 13):
 PSYoungGen      total 12288K, used 12272K [0x00000000eab00000, 0x00000000ebe00000, 0x0000000100000000)
  eden space 6656K, 100% used [0x00000000eab00000,0x00000000eb180000,0x00000000eb180000)
  from space 5632K, 99% used [0x00000000eb780000,0x00000000ebcfc010,0x00000000ebd00000)
  to   space 6144K, 0% used [0x00000000eb180000,0x00000000eb180000,0x00000000eb780000)
 ParOldGen       total 115712K, used 83678K [0x00000000c0000000, 0x00000000c7100000, 0x00000000eab00000)
  object space 115712K, 72% used [0x00000000c0000000,0x00000000c51b7b48,0x00000000c7100000)
 Metaspace       used 76851K, committed 78080K, reserved 1179648K
  class space    used 7950K, committed 8512K, reserved 1048576K
}
Event: 1242.205 GC heap after
{Heap after GC invocations=222 (full 13):
 PSYoungGen      total 7680K, used 824K [0x00000000eab00000, 0x00000000eb800000, 0x0000000100000000)
  eden space 6656K, 0% used [0x00000000eab00000,0x00000000eab00000,0x00000000eb180000)
  from space 1024K, 80% used [0x00000000eb180000,0x00000000eb24e1d0,0x00000000eb280000)
  to   space 3072K, 0% used [0x00000000eb500000,0x00000000eb500000,0x00000000eb800000)
 ParOldGen       total 115712K, used 89176K [0x00000000c0000000, 0x00000000c7100000, 0x00000000eab00000)
  object space 115712K, 77% used [0x00000000c0000000,0x00000000c57163a0,0x00000000c7100000)
 Metaspace       used 76851K, committed 78080K, reserved 1179648K
  class space    used 7950K, committed 8512K, reserved 1048576K
}
Event: 1242.211 GC heap before
{Heap before GC invocations=223 (full 13):
 PSYoungGen      total 7680K, used 7480K [0x00000000eab00000, 0x00000000eb800000, 0x0000000100000000)
  eden space 6656K, 100% used [0x00000000eab00000,0x00000000eb180000,0x00000000eb180000)
  from space 1024K, 80% used [0x00000000eb180000,0x00000000eb24e1d0,0x00000000eb280000)
  to   space 3072K, 0% used [0x00000000eb500000,0x00000000eb500000,0x00000000eb800000)
 ParOldGen       total 115712K, used 89176K [0x00000000c0000000, 0x00000000c7100000, 0x00000000eab00000)
  object space 115712K, 77% used [0x00000000c0000000,0x00000000c57163a0,0x00000000c7100000)
 Metaspace       used 76851K, committed 78080K, reserved 1179648K
  class space    used 7950K, committed 8512K, reserved 1048576K
}
Event: 1242.212 GC heap after
{Heap after GC invocations=223 (full 13):
 PSYoungGen      total 4608K, used 3066K [0x00000000eab00000, 0x00000000ec280000, 0x0000000100000000)
  eden space 1536K, 0% used [0x00000000eab00000,0x00000000eab00000,0x00000000eac80000)
  from space 3072K, 99% used [0x00000000eb500000,0x00000000eb7fe980,0x00000000eb800000)
  to   space 8704K, 0% used [0x00000000eac80000,0x00000000eac80000,0x00000000eb500000)
 ParOldGen       total 115712K, used 93358K [0x00000000c0000000, 0x00000000c7100000, 0x00000000eab00000)
  object space 115712K, 80% used [0x00000000c0000000,0x00000000c5b2b9f0,0x00000000c7100000)
 Metaspace       used 76851K, committed 78080K, reserved 1179648K
  class space    used 7950K, committed 8512K, reserved 1048576K
}
Event: 1242.214 GC heap before
{Heap before GC invocations=224 (full 13):
 PSYoungGen      total 4608K, used 4602K [0x00000000eab00000, 0x00000000ec280000, 0x0000000100000000)
  eden space 1536K, 100% used [0x00000000eab00000,0x00000000eac80000,0x00000000eac80000)
  from space 3072K, 99% used [0x00000000eb500000,0x00000000eb7fe980,0x00000000eb800000)
  to   space 8704K, 0% used [0x00000000eac80000,0x00000000eac80000,0x00000000eb500000)
 ParOldGen       total 115712K, used 93358K [0x00000000c0000000, 0x00000000c7100000, 0x00000000eab00000)
  object space 115712K, 80% used [0x00000000c0000000,0x00000000c5b2b9f0,0x00000000c7100000)
 Metaspace       used 76851K, committed 78080K, reserved 1179648K
  class space    used 7950K, committed 8512K, reserved 1048576K
}
Event: 1242.216 GC heap after
{Heap after GC invocations=224 (full 13):
 PSYoungGen      total 3584K, used 1728K [0x00000000eab00000, 0x00000000eb580000, 0x0000000100000000)
  eden space 1536K, 0% used [0x00000000eab00000,0x00000000eab00000,0x00000000eac80000)
  from space 2048K, 84% used [0x00000000eac80000,0x00000000eae30000,0x00000000eae80000)
  to   space 4096K, 0% used [0x00000000eb180000,0x00000000eb180000,0x00000000eb580000)
 ParOldGen       total 115712K, used 96528K [0x00000000c0000000, 0x00000000c7100000, 0x00000000eab00000)
  object space 115712K, 83% used [0x00000000c0000000,0x00000000c5e44370,0x00000000c7100000)
 Metaspace       used 76851K, committed 78080K, reserved 1179648K
  class space    used 7950K, committed 8512K, reserved 1048576K
}
Event: 1242.219 GC heap before
{Heap before GC invocations=225 (full 13):
 PSYoungGen      total 3584K, used 3264K [0x00000000eab00000, 0x00000000eb580000, 0x0000000100000000)
  eden space 1536K, 100% used [0x00000000eab00000,0x00000000eac80000,0x00000000eac80000)
  from space 2048K, 84% used [0x00000000eac80000,0x00000000eae30000,0x00000000eae80000)
  to   space 4096K, 0% used [0x00000000eb180000,0x00000000eb180000,0x00000000eb580000)
 ParOldGen       total 115712K, used 96528K [0x00000000c0000000, 0x00000000c7100000, 0x00000000eab00000)
  object space 115712K, 83% used [0x00000000c0000000,0x00000000c5e44370,0x00000000c7100000)
 Metaspace       used 76863K, committed 78080K, reserved 1179648K
  class space    used 7950K, committed 8512K, reserved 1048576K
}
Event: 1242.221 GC heap after
{Heap after GC invocations=225 (full 13):
 PSYoungGen      total 3584K, used 1120K [0x00000000eab00000, 0x00000000eb300000, 0x0000000100000000)
  eden space 2048K, 0% used [0x00000000eab00000,0x00000000eab00000,0x00000000ead00000)
  from space 1536K, 72% used [0x00000000eb180000,0x00000000eb298000,0x00000000eb300000)
  to   space 2048K, 0% used [0x00000000eaf00000,0x00000000eaf00000,0x00000000eb100000)
 ParOldGen       total 115712K, used 98096K [0x00000000c0000000, 0x00000000c7100000, 0x00000000eab00000)
  object space 115712K, 84% used [0x00000000c0000000,0x00000000c5fcc370,0x00000000c7100000)
 Metaspace       used 76863K, committed 78080K, reserved 1179648K
  class space    used 7950K, committed 8512K, reserved 1048576K
}
Event: 1242.225 GC heap before
{Heap before GC invocations=226 (full 13):
 PSYoungGen      total 3584K, used 3168K [0x00000000eab00000, 0x00000000eb300000, 0x0000000100000000)
  eden space 2048K, 100% used [0x00000000eab00000,0x00000000ead00000,0x00000000ead00000)
  from space 1536K, 72% used [0x00000000eb180000,0x00000000eb298000,0x00000000eb300000)
  to   space 2048K, 0% used [0x00000000eaf00000,0x00000000eaf00000,0x00000000eb100000)
 ParOldGen       total 115712K, used 98096K [0x00000000c0000000, 0x00000000c7100000, 0x00000000eab00000)
  object space 115712K, 84% used [0x00000000c0000000,0x00000000c5fcc370,0x00000000c7100000)
 Metaspace       used 76864K, committed 78080K, reserved 1179648K
  class space    used 7950K, committed 8512K, reserved 1048576K
}
Event: 1242.226 GC heap after
{Heap after GC invocations=226 (full 13):
 PSYoungGen      total 4608K, used 640K [0x00000000eab00000, 0x00000000eb200000, 0x0000000100000000)
  eden space 2560K, 0% used [0x00000000eab00000,0x00000000eab00000,0x00000000ead80000)
  from space 2048K, 31% used [0x00000000eaf00000,0x00000000eafa0000,0x00000000eb100000)
  to   space 1024K, 0% used [0x00000000eb100000,0x00000000eb100000,0x00000000eb200000)
 ParOldGen       total 115712K, used 98999K [0x00000000c0000000, 0x00000000c7100000, 0x00000000eab00000)
  object space 115712K, 85% used [0x00000000c0000000,0x00000000c60addb0,0x00000000c7100000)
 Metaspace       used 76864K, committed 78080K, reserved 1179648K
  class space    used 7950K, committed 8512K, reserved 1048576K
}
Event: 1464.879 GC heap before
{Heap before GC invocations=227 (full 13):
 PSYoungGen      total 4608K, used 3200K [0x00000000eab00000, 0x00000000eb200000, 0x0000000100000000)
  eden space 2560K, 100% used [0x00000000eab00000,0x00000000ead80000,0x00000000ead80000)
  from space 2048K, 31% used [0x00000000eaf00000,0x00000000eafa0000,0x00000000eb100000)
  to   space 1024K, 0% used [0x00000000eb100000,0x00000000eb100000,0x00000000eb200000)
 ParOldGen       total 115712K, used 98999K [0x00000000c0000000, 0x00000000c7100000, 0x00000000eab00000)
  object space 115712K, 85% used [0x00000000c0000000,0x00000000c60addb0,0x00000000c7100000)
 Metaspace       used 76865K, committed 78080K, reserved 1179648K
  class space    used 7950K, committed 8512K, reserved 1048576K
}
Event: 1464.880 GC heap after
{Heap after GC invocations=227 (full 13):
 PSYoungGen      total 3584K, used 1022K [0x00000000eab00000, 0x00000000eb200000, 0x0000000100000000)
  eden space 2560K, 0% used [0x00000000eab00000,0x00000000eab00000,0x00000000ead80000)
  from space 1024K, 99% used [0x00000000eb100000,0x00000000eb1ff8b0,0x00000000eb200000)
  to   space 2048K, 0% used [0x00000000eae00000,0x00000000eae00000,0x00000000eb000000)
 ParOldGen       total 115712K, used 99530K [0x00000000c0000000, 0x00000000c7100000, 0x00000000eab00000)
  object space 115712K, 86% used [0x00000000c0000000,0x00000000c6132bc8,0x00000000c7100000)
 Metaspace       used 76865K, committed 78080K, reserved 1179648K
  class space    used 7950K, committed 8512K, reserved 1048576K
}
Event: 1464.882 GC heap before
{Heap before GC invocations=228 (full 13):
 PSYoungGen      total 3584K, used 3582K [0x00000000eab00000, 0x00000000eb200000, 0x0000000100000000)
  eden space 2560K, 100% used [0x00000000eab00000,0x00000000ead80000,0x00000000ead80000)
  from space 1024K, 99% used [0x00000000eb100000,0x00000000eb1ff8b0,0x00000000eb200000)
  to   space 2048K, 0% used [0x00000000eae00000,0x00000000eae00000,0x00000000eb000000)
 ParOldGen       total 115712K, used 99530K [0x00000000c0000000, 0x00000000c7100000, 0x00000000eab00000)
  object space 115712K, 86% used [0x00000000c0000000,0x00000000c6132bc8,0x00000000c7100000)
 Metaspace       used 76865K, committed 78080K, reserved 1179648K
  class space    used 7950K, committed 8512K, reserved 1048576K
}
Event: 1464.884 GC heap after
{Heap after GC invocations=228 (full 13):
 PSYoungGen      total 5120K, used 2048K [0x00000000eab00000, 0x00000000eb600000, 0x0000000100000000)
  eden space 3072K, 0% used [0x00000000eab00000,0x00000000eab00000,0x00000000eae00000)
  from space 2048K, 100% used [0x00000000eae00000,0x00000000eb000000,0x00000000eb000000)
  to   space 4096K, 0% used [0x00000000eb200000,0x00000000eb200000,0x00000000eb600000)
 ParOldGen       total 115712K, used 100878K [0x00000000c0000000, 0x00000000c7100000, 0x00000000eab00000)
  object space 115712K, 87% used [0x00000000c0000000,0x00000000c62838f8,0x00000000c7100000)
 Metaspace       used 76865K, committed 78080K, reserved 1179648K
  class space    used 7950K, committed 8512K, reserved 1048576K
}
Event: 1464.888 GC heap before
{Heap before GC invocations=229 (full 13):
 PSYoungGen      total 5120K, used 5119K [0x00000000eab00000, 0x00000000eb600000, 0x0000000100000000)
  eden space 3072K, 99% used [0x00000000eab00000,0x00000000eadfffd0,0x00000000eae00000)
  from space 2048K, 100% used [0x00000000eae00000,0x00000000eb000000,0x00000000eb000000)
  to   space 4096K, 0% used [0x00000000eb200000,0x00000000eb200000,0x00000000eb600000)
 ParOldGen       total 115712K, used 100878K [0x00000000c0000000, 0x00000000c7100000, 0x00000000eab00000)
  object space 115712K, 87% used [0x00000000c0000000,0x00000000c62838f8,0x00000000c7100000)
 Metaspace       used 76865K, committed 78080K, reserved 1179648K
  class space    used 7950K, committed 8512K, reserved 1048576K
}
Event: 1464.891 GC heap after
{Heap after GC invocations=229 (full 13):
 PSYoungGen      total 7680K, used 3070K [0x00000000eab00000, 0x00000000eb600000, 0x0000000100000000)
  eden space 3584K, 0% used [0x00000000eab00000,0x00000000eab00000,0x00000000eae80000)
  from space 4096K, 74% used [0x00000000eb200000,0x00000000eb4ff890,0x00000000eb600000)
  to   space 3584K, 0% used [0x00000000eae80000,0x00000000eae80000,0x00000000eb200000)
 ParOldGen       total 115712K, used 103014K [0x00000000c0000000, 0x00000000c7100000, 0x00000000eab00000)
  object space 115712K, 89% used [0x00000000c0000000,0x00000000c64998f8,0x00000000c7100000)
 Metaspace       used 76865K, committed 78080K, reserved 1179648K
  class space    used 7950K, committed 8512K, reserved 1048576K
}
Event: 1464.897 GC heap before
{Heap before GC invocations=230 (full 13):
 PSYoungGen      total 7680K, used 6654K [0x00000000eab00000, 0x00000000eb600000, 0x0000000100000000)
  eden space 3584K, 100% used [0x00000000eab00000,0x00000000eae80000,0x00000000eae80000)
  from space 4096K, 74% used [0x00000000eb200000,0x00000000eb4ff890,0x00000000eb600000)
  to   space 3584K, 0% used [0x00000000eae80000,0x00000000eae80000,0x00000000eb200000)
 ParOldGen       total 115712K, used 103014K [0x00000000c0000000, 0x00000000c7100000, 0x00000000eab00000)
  object space 115712K, 89% used [0x00000000c0000000,0x00000000c64998f8,0x00000000c7100000)
 Metaspace       used 76865K, committed 78080K, reserved 1179648K
  class space    used 7950K, committed 8512K, reserved 1048576K
}
Event: 1464.898 GC heap after
{Heap after GC invocations=230 (full 13):
 PSYoungGen      total 7168K, used 2142K [0x00000000eab00000, 0x00000000eb480000, 0x0000000100000000)
  eden space 3584K, 0% used [0x00000000eab00000,0x00000000eab00000,0x00000000eae80000)
  from space 3584K, 59% used [0x00000000eae80000,0x00000000eb0978b0,0x00000000eb200000)
  to   space 2560K, 0% used [0x00000000eb200000,0x00000000eb200000,0x00000000eb480000)
 ParOldGen       total 115712K, used 103486K [0x00000000c0000000, 0x00000000c7100000, 0x00000000eab00000)
  object space 115712K, 89% used [0x00000000c0000000,0x00000000c650f8f8,0x00000000c7100000)
 Metaspace       used 76865K, committed 78080K, reserved 1179648K
  class space    used 7950K, committed 8512K, reserved 1048576K
}
Event: 1464.902 GC heap before
{Heap before GC invocations=231 (full 13):
 PSYoungGen      total 7168K, used 5726K [0x00000000eab00000, 0x00000000eb480000, 0x0000000100000000)
  eden space 3584K, 100% used [0x00000000eab00000,0x00000000eae80000,0x00000000eae80000)
  from space 3584K, 59% used [0x00000000eae80000,0x00000000eb0978b0,0x00000000eb200000)
  to   space 2560K, 0% used [0x00000000eb200000,0x00000000eb200000,0x00000000eb480000)
 ParOldGen       total 115712K, used 103486K [0x00000000c0000000, 0x00000000c7100000, 0x00000000eab00000)
  object space 115712K, 89% used [0x00000000c0000000,0x00000000c650f8f8,0x00000000c7100000)
 Metaspace       used 76865K, committed 78080K, reserved 1179648K
  class space    used 7950K, committed 8512K, reserved 1048576K
}
Event: 1464.903 GC heap after
{Heap after GC invocations=231 (full 13):
 PSYoungGen      total 6656K, used 1822K [0x00000000eab00000, 0x00000000eb400000, 0x0000000100000000)
  eden space 4608K, 0% used [0x00000000eab00000,0x00000000eab00000,0x00000000eaf80000)
  from space 2048K, 88% used [0x00000000eb200000,0x00000000eb3c7890,0x00000000eb400000)
  to   space 2048K, 0% used [0x00000000eb000000,0x00000000eb000000,0x00000000eb200000)
 ParOldGen       total 115712K, used 103915K [0x00000000c0000000, 0x00000000c7100000, 0x00000000eab00000)
  object space 115712K, 89% used [0x00000000c0000000,0x00000000c657ad98,0x00000000c7100000)
 Metaspace       used 76865K, committed 78080K, reserved 1179648K
  class space    used 7950K, committed 8512K, reserved 1048576K
}

